<?xml version="1.0" encoding="UTF-8"?>
<!-- Generated by org.testng.reporters.JUnitReportReporter -->
<testsuite skipped="0" hostname="LAPTOP-LF1A2HGL" name="TestCases.BookingSearch" tests="3" failures="0" timestamp="2022-05-25T10:53:44 IST" time="0.009" errors="0">
  <testcase name="entetGuestInfo" time="0.000" classname="TestCases.BookingSearch"/>
  <system-out/>
  <testcase name="searchHotel" time="0.009" classname="TestCases.BookingSearch"/>
  <system-out/>
  <testcase name="selectHotel" time="0.000" classname="TestCases.BookingSearch"/>
  <system-out/>
</testsuite> <!-- TestCases.BookingSearch -->
