<?xml version="1.0" encoding="UTF-8"?>
<!-- Generated by org.testng.reporters.JUnitReportReporter -->
<testsuite skipped="0" hostname="LAPTOP-LF1A2HGL" name="TestCases.PaymentManager" tests="2" failures="0" timestamp="2022-05-25T10:53:44 IST" time="0.001" errors="0">
  <testcase name="applyDiscount" time="0.000" classname="TestCases.PaymentManager"/>
  <system-out/>
  <testcase name="makePayment" time="0.001" classname="TestCases.PaymentManager"/>
  <system-out/>
</testsuite> <!-- TestCases.PaymentManager -->
