<?xml version="1.0" encoding="UTF-8"?>
<!-- Generated by org.testng.reporters.JUnitReportReporter -->
<testsuite skipped="0" hostname="LAPTOP-LF1A2HGL" name="TestCases.CustomerCommunications" tests="1" failures="0" timestamp="2022-05-25T10:53:44 IST" time="0.000" errors="0">
  <testcase name="checkEmail" time="0.000" classname="TestCases.CustomerCommunications"/>
  <system-out/>
</testsuite> <!-- TestCases.CustomerCommunications -->
