<?xml version="1.0" encoding="UTF-8"?>
<!-- Generated by org.testng.reporters.JUnitReportReporter -->
<testsuite skipped="0" hostname="LAPTOP-LF1A2HGL" name="TestCases.Login" tests="1" failures="0" timestamp="2022-05-24T12:07:19 IST" time="0.008" errors="0">
  <testcase name="doLogin" time="0.008" classname="TestCases.Login"/>
  <system-out/>
</testsuite> <!-- TestCases.Login -->
