<?xml version="1.0" encoding="UTF-8"?>
<!-- Generated by org.testng.reporters.JUnitReportReporter -->
<testsuite skipped="0" hostname="LAPTOP-LF1A2HGL" name="TESTS.FirstTEST" tests="1" failures="0" timestamp="2022-04-03T11:07:47 IST" time="10.995" errors="0">
  <testcase name="TestGoogle" time="10.995" classname="TESTS.FirstTEST"/>
  <system-out/>
</testsuite> <!-- TESTS.FirstTEST -->
