<?xml version="1.0" encoding="UTF-8"?>
<!-- Generated by org.testng.reporters.JUnitReportReporter -->
<testsuite skipped="0" hostname="LAPTOP-LF1A2HGL" name="TESTS.Groups.DataProvider2" tests="19" failures="0" timestamp="2022-04-05T23:34:18 IST" time="0.027" errors="0">
  <testcase name="testlogin3" time="0.001" classname="TESTS.Groups.DataProvider2"/>
  <system-out/>
  <testcase name="testlogin5" time="0.000" classname="TESTS.Groups.DataProvider2"/>
  <system-out/>
  <testcase name="testlogin5" time="0.001" classname="TESTS.Groups.DataProvider2"/>
  <system-out/>
  <testcase name="testlogin1" time="0.002" classname="TESTS.Groups.DataProvider2"/>
  <system-out/>
  <testcase name="testlogin2" time="0.001" classname="TESTS.Groups.DataProvider2"/>
  <system-out/>
  <testcase name="testlogin3" time="0.001" classname="TESTS.Groups.DataProvider2"/>
  <system-out/>
  <testcase name="testlogin2" time="0.001" classname="TESTS.Groups.DataProvider2"/>
  <system-out/>
  <testcase name="testlogin4" time="0.001" classname="TESTS.Groups.DataProvider2"/>
  <system-out/>
  <testcase name="testlogin5" time="0.001" classname="TESTS.Groups.DataProvider2"/>
  <system-out/>
  <testcase name="testlogin1" time="0.002" classname="TESTS.Groups.DataProvider2"/>
  <system-out/>
  <testcase name="testlogin2" time="0.001" classname="TESTS.Groups.DataProvider2"/>
  <system-out/>
  <testcase name="testlogin3" time="0.001" classname="TESTS.Groups.DataProvider2"/>
  <system-out/>
  <testcase name="testlogin1" time="0.007" classname="TESTS.Groups.DataProvider2"/>
  <system-out/>
  <testcase name="testlogin4" time="0.001" classname="TESTS.Groups.DataProvider2"/>
  <system-out/>
  <testcase name="testlogin3" time="0.001" classname="TESTS.Groups.DataProvider2"/>
  <system-out/>
  <testcase name="testlogin1" time="0.001" classname="TESTS.Groups.DataProvider2"/>
  <system-out/>
  <testcase name="testlogin2" time="0.002" classname="TESTS.Groups.DataProvider2"/>
  <system-out/>
  <testcase name="testlogin2" time="0.001" classname="TESTS.Groups.DataProvider2"/>
  <system-out/>
  <testcase name="testlogin4" time="0.001" classname="TESTS.Groups.DataProvider2"/>
  <system-out/>
</testsuite> <!-- TESTS.Groups.DataProvider2 -->
