<?xml version="1.0" encoding="UTF-8"?>
<!-- Generated by org.testng.reporters.JUnitReportReporter -->
<testsuite skipped="0" hostname="LAPTOP-LF1A2HGL" name="screenshots.Testclass" tests="1" failures="0" timestamp="2022-04-08T12:19:41 IST" time="3.091" errors="0">
  <testcase name="Testfacebook" time="3.091" classname="screenshots.Testclass"/>
  <system-out/>
</testsuite> <!-- screenshots.Testclass -->
