<?xml version="1.0" encoding="UTF-8"?>
<!-- Generated by org.testng.reporters.JUnitReportReporter -->
<testsuite skipped="0" hostname="LAPTOP-LF1A2HGL" name="TESTS.Groups.TestGroupDependencies" tests="8" failures="0" timestamp="2022-04-05T10:30:37 IST" time="0.043" errors="0">
  <testcase name="test2" time="0.004" classname="TESTS.Groups.TestGroupDependencies"/>
  <system-out/>
  <testcase name="test5" time="0.004" classname="TESTS.Groups.TestGroupDependencies"/>
  <system-out/>
  <testcase name="test6" time="0.004" classname="TESTS.Groups.TestGroupDependencies"/>
  <system-out/>
  <testcase name="test1" time="0.021" classname="TESTS.Groups.TestGroupDependencies"/>
  <system-out/>
  <testcase name="test7" time="0.002" classname="TESTS.Groups.TestGroupDependencies"/>
  <system-out/>
  <testcase name="test3" time="0.003" classname="TESTS.Groups.TestGroupDependencies"/>
  <system-out/>
  <testcase name="test4" time="0.001" classname="TESTS.Groups.TestGroupDependencies"/>
  <system-out/>
  <testcase name="test0" time="0.004" classname="TESTS.Groups.TestGroupDependencies"/>
  <system-out/>
</testsuite> <!-- TESTS.Groups.TestGroupDependencies -->
