<?xml version="1.0" encoding="UTF-8"?>
<!-- Generated by org.testng.reporters.JUnitReportReporter -->
<testsuite skipped="0" hostname="LAPTOP-LF1A2HGL" name="TESTS.Groups.NewTest2" tests="2" failures="0" timestamp="2022-04-04T14:54:51 IST" time="0.004" errors="0">
  <testcase name="test5" time="0.002" classname="TESTS.Groups.NewTest2"/>
  <system-out/>
  <testcase name="test4" time="0.002" classname="TESTS.Groups.NewTest2"/>
  <system-out/>
</testsuite> <!-- TESTS.Groups.NewTest2 -->
