<?xml version="1.0" encoding="UTF-8"?>
<!-- Generated by org.testng.reporters.JUnitReportReporter -->
<testsuite skipped="0" hostname="LAPTOP-LF1A2HGL" name="TESTS.Groups.NewTest1" tests="3" failures="0" timestamp="2022-04-04T14:54:51 IST" time="0.029" errors="0">
  <testcase name="test2" time="0.002" classname="TESTS.Groups.NewTest1"/>
  <system-out/>
  <testcase name="test1" time="0.025" classname="TESTS.Groups.NewTest1"/>
  <system-out/>
  <testcase name="test3" time="0.002" classname="TESTS.Groups.NewTest1"/>
  <system-out/>
</testsuite> <!-- TESTS.Groups.NewTest1 -->
