<?xml version="1.0" encoding="UTF-8"?>
<!-- Generated by org.testng.reporters.JUnitReportReporter -->
<testsuite skipped="0" hostname="LAPTOP-LF1A2HGL" name="TestCases.rediff.session" tests="2" failures="0" timestamp="2022-06-01T14:33:43 IST" time="11.802" errors="0">
  <testcase name="doLogin" time="6.469" classname="TestCases.rediff.session"/>
  <system-out/>
  <testcase name="selectportfolio" time="5.333" classname="TestCases.rediff.session"/>
  <system-out/>
</testsuite> <!-- TestCases.rediff.session -->
