<?xml version="1.0" encoding="UTF-8"?>
<!-- Generated by org.testng.reporters.JUnitReportReporter -->
<testsuite skipped="0" hostname="LAPTOP-LF1A2HGL" name="TestCases.rediff.stockManagement" tests="1" failures="0" timestamp="2022-06-01T14:33:43 IST" time="29.282" errors="0">
  <testcase name="buyTheStock" time="29.282" classname="TestCases.rediff.stockManagement"/>
  <system-out/>
</testsuite> <!-- TestCases.rediff.stockManagement -->
