<?xml version="1.0" encoding="UTF-8"?>
<!-- Generated by org.testng.reporters.JUnitReportReporter -->
<testsuite skipped="0" hostname="LAPTOP-LF1A2HGL" name="TestCases.CreatePortfolioTest" tests="1" failures="0" timestamp="2022-05-25T11:07:57 IST" time="11.145" errors="0">
  <testcase name="CreatePortfolioTest" time="11.145" classname="TestCases.CreatePortfolioTest"/>
  <system-out/>
</testsuite> <!-- TestCases.CreatePortfolioTest -->
