<?xml version="1.0" encoding="UTF-8"?>
<!-- Generated by org.testng.reporters.JUnitReportReporter -->
<testsuite skipped="0" hostname="LAPTOP-LF1A2HGL" name="suiteA.TestAA" tests="2" failures="0" timestamp="2022-04-22T10:55:12 IST" time="4.099" errors="0">
  <testcase name="testAA" time="2.069" classname="suiteA.TestAA"/>
  <system-out/>
  <testcase name="testAA" time="2.030" classname="suiteA.TestAA"/>
  <system-out/>
</testsuite> <!-- suiteA.TestAA -->
