<?xml version="1.0" encoding="UTF-8"?>
<!-- Generated by org.testng.reporters.JUnitReportReporter -->
<testsuite skipped="0" hostname="LAPTOP-LF1A2HGL" name="suiteC.TestCC" tests="1" failures="0" timestamp="2022-04-21T21:54:58 IST" time="2.042" errors="0">
  <testcase name="testCC" time="2.042" classname="suiteC.TestCC"/>
  <system-out/>
</testsuite> <!-- suiteC.TestCC -->
