<?xml version="1.0" encoding="UTF-8"?>
<!-- Generated by org.testng.reporters.JUnitReportReporter -->
<testsuite skipped="0" hostname="LAPTOP-LF1A2HGL" name="suiteB.TestBB" tests="1" failures="0" timestamp="2022-04-21T21:54:58 IST" time="2.053" errors="0">
  <testcase name="testBB" time="2.053" classname="suiteB.TestBB"/>
  <system-out/>
</testsuite> <!-- suiteB.TestBB -->
