<?xml version="1.0" encoding="UTF-8"?>
<!-- Generated by org.testng.reporters.JUnitReportReporter -->
<testsuite skipped="0" hostname="LAPTOP-LF1A2HGL" name="suiteB.TestB" tests="1" failures="0" timestamp="2022-04-21T21:54:58 IST" time="2.037" errors="0">
  <testcase name="testB" time="2.037" classname="suiteB.TestB"/>
  <system-out/>
</testsuite> <!-- suiteB.TestB -->
